M2M RSP Mock Server running on http://0.0.0.0:8080
Traceback (most recent call last):
  File "C:\Users\Jhury\Documents\projects\m2m-benchmark\venv\Lib\site-packages\twisted\internet\tcp.py", line 1358, in startListening
    skt.bind(addr)
    ~~~~~~~~^^^^^^
OSError: [WinError 10048] Only one usage of each socket address (protocol/network address/port) is normally permitted

During handling of the above exception, another exception occurred:

Traceback (most recent call last):
  File "C:\Users\Jhury\Documents\projects\m2m-benchmark\mock\mock.py", line 612, in <module>
    server.run()
    ~~~~~~~~~~^^
  File "C:\Users\Jhury\Documents\projects\m2m-benchmark\mock\mock.py", line 596, in run
    reactor.listenTCP(self.port, Site(self.app.resource()))
    ~~~~~~~~~~~~~~~~~^^^^^^^^^^^^^^^^^^^^^^^^^^^^^^^^^^^^^^
  File "C:\Users\Jhury\Documents\projects\m2m-benchmark\venv\Lib\site-packages\twisted\internet\posixbase.py", line 366, in listenTCP
    p.startListening()
    ~~~~~~~~~~~~~~~~^^
  File "C:\Users\Jhury\Documents\projects\m2m-benchmark\venv\Lib\site-packages\twisted\internet\tcp.py", line 1360, in startListening
    raise CannotListenError(self.interface, self.port, le)
twisted.internet.error.CannotListenError: Couldn't listen on any:8080: [WinError 10048] Only one usage of each socket address (protocol/network address/port) is normally permitted.
